c:\users\hopli\documents\github\2dgameprogramming_final_pirat_battle\x64\debug\raylib.dll
c:\users\hopli\documents\github\2dgameprogramming_final_pirat_battle\x64\debug\glfw3.dll
c:\users\hopli\documents\github\2dgameprogramming_final_pirat_battle\2dgamepr.33ffe45e\x64\debug\vc143.pdb
c:\users\hopli\documents\github\2dgameprogramming_final_pirat_battle\2dgamepr.33ffe45e\x64\debug\vc143.idb
c:\users\hopli\documents\github\2dgameprogramming_final_pirat_battle\2dgamepr.33ffe45e\x64\debug\ui.obj
c:\users\hopli\documents\github\2dgameprogramming_final_pirat_battle\2dgamepr.33ffe45e\x64\debug\pirateship.obj
c:\users\hopli\documents\github\2dgameprogramming_final_pirat_battle\2dgamepr.33ffe45e\x64\debug\navyship.obj
c:\users\hopli\documents\github\2dgameprogramming_final_pirat_battle\2dgamepr.33ffe45e\x64\debug\main.obj
c:\users\hopli\documents\github\2dgameprogramming_final_pirat_battle\2dgamepr.33ffe45e\x64\debug\game_logic.obj
c:\users\hopli\documents\github\2dgameprogramming_final_pirat_battle\2dgamepr.33ffe45e\x64\debug\environment.obj
c:\users\hopli\documents\github\2dgameprogramming_final_pirat_battle\2dgamepr.33ffe45e\x64\debug\menu.obj
c:\users\hopli\documents\github\2dgameprogramming_final_pirat_battle\x64\debug\2dgameprogramming_final_pirat_battle.exe
c:\users\hopli\documents\github\2dgameprogramming_final_pirat_battle\x64\debug\2dgameprogramming_final_pirat_battle.pdb
c:\users\hopli\documents\github\2dgameprogramming_final_pirat_battle\2dgamepr.33ffe45e\x64\debug\2dgameprogramming_final_pirat_battle.ilk
c:\users\hopli\documents\github\2dgameprogramming_final_pirat_battle\x64\debug\2dgameprogramming_final_pirat_battle.ilk
c:\users\hopli\documents\github\2dgameprogramming_final_pirat_battle\2dgamepr.33ffe45e\x64\debug\2dgamepr.33ffe45e.tlog\2dgameprogramming_final_pirat_battle.write.1u.tlog
c:\users\hopli\documents\github\2dgameprogramming_final_pirat_battle\2dgamepr.33ffe45e\x64\debug\2dgamepr.33ffe45e.tlog\cl.command.1.tlog
c:\users\hopli\documents\github\2dgameprogramming_final_pirat_battle\2dgamepr.33ffe45e\x64\debug\2dgamepr.33ffe45e.tlog\cl.items.tlog
c:\users\hopli\documents\github\2dgameprogramming_final_pirat_battle\2dgamepr.33ffe45e\x64\debug\2dgamepr.33ffe45e.tlog\cl.read.1.tlog
c:\users\hopli\documents\github\2dgameprogramming_final_pirat_battle\2dgamepr.33ffe45e\x64\debug\2dgamepr.33ffe45e.tlog\cl.write.1.tlog
c:\users\hopli\documents\github\2dgameprogramming_final_pirat_battle\2dgamepr.33ffe45e\x64\debug\2dgamepr.33ffe45e.tlog\link.command.1.tlog
c:\users\hopli\documents\github\2dgameprogramming_final_pirat_battle\2dgamepr.33ffe45e\x64\debug\2dgamepr.33ffe45e.tlog\link.read.1.tlog
c:\users\hopli\documents\github\2dgameprogramming_final_pirat_battle\2dgamepr.33ffe45e\x64\debug\2dgamepr.33ffe45e.tlog\link.secondary.1.tlog
c:\users\hopli\documents\github\2dgameprogramming_final_pirat_battle\2dgamepr.33ffe45e\x64\debug\2dgamepr.33ffe45e.tlog\link.write.1.tlog
