  environment.cpp
C:\Users\hopli\Documents\GitHub\2Dgameprogramming_final_pirat_battle\environment.cpp(7,40): warning C4244: '=': conversion from 'int' to 'float', possible loss of data
C:\Users\hopli\Documents\GitHub\2Dgameprogramming_final_pirat_battle\environment.cpp(68,60): warning C4244: 'argument': conversion from 'float' to 'int', possible loss of data
C:\Users\hopli\Documents\GitHub\2Dgameprogramming_final_pirat_battle\environment.cpp(68,38): warning C4244: 'argument': conversion from 'float' to 'int', possible loss of data
C:\Users\hopli\Documents\GitHub\2Dgameprogramming_final_pirat_battle\environment.cpp(70,31): warning C4244: 'argument': conversion from 'float' to 'int', possible loss of data
C:\Users\hopli\Documents\GitHub\2Dgameprogramming_final_pirat_battle\environment.cpp(69,41): warning C4244: 'argument': conversion from 'float' to 'int', possible loss of data
  game_logic.cpp
  main.cpp
  navyship.cpp
C:\Users\hopli\Documents\GitHub\2Dgameprogramming_final_pirat_battle\navyship.cpp(198,47): warning C4244: 'argument': conversion from 'float' to 'int', possible loss of data
C:\Users\hopli\Documents\GitHub\2Dgameprogramming_final_pirat_battle\navyship.cpp(198,30): warning C4244: 'argument': conversion from 'float' to 'int', possible loss of data
C:\Users\hopli\Documents\GitHub\2Dgameprogramming_final_pirat_battle\navyship.cpp(199,47): warning C4244: 'argument': conversion from 'float' to 'int', possible loss of data
C:\Users\hopli\Documents\GitHub\2Dgameprogramming_final_pirat_battle\navyship.cpp(199,30): warning C4244: 'argument': conversion from 'float' to 'int', possible loss of data
  pirateship.cpp
C:\Users\hopli\Documents\GitHub\2Dgameprogramming_final_pirat_battle\pirateship.cpp(97,38): warning C4244: 'argument': conversion from 'float' to 'int', possible loss of data
C:\Users\hopli\Documents\GitHub\2Dgameprogramming_final_pirat_battle\pirateship.cpp(97,27): warning C4244: 'argument': conversion from 'float' to 'int', possible loss of data
C:\Users\hopli\Documents\GitHub\2Dgameprogramming_final_pirat_battle\pirateship.cpp(121,36): warning C4244: 'argument': conversion from 'float' to 'int', possible loss of data
C:\Users\hopli\Documents\GitHub\2Dgameprogramming_final_pirat_battle\pirateship.cpp(121,24): warning C4244: 'argument': conversion from 'float' to 'int', possible loss of data
C:\Users\hopli\Documents\GitHub\2Dgameprogramming_final_pirat_battle\pirateship.cpp(122,43): warning C4244: 'argument': conversion from 'float' to 'int', possible loss of data
C:\Users\hopli\Documents\GitHub\2Dgameprogramming_final_pirat_battle\pirateship.cpp(122,27): warning C4244: 'argument': conversion from 'float' to 'int', possible loss of data
C:\Users\hopli\Documents\GitHub\2Dgameprogramming_final_pirat_battle\pirateship.cpp(123,43): warning C4244: 'argument': conversion from 'float' to 'int', possible loss of data
C:\Users\hopli\Documents\GitHub\2Dgameprogramming_final_pirat_battle\pirateship.cpp(123,27): warning C4244: 'argument': conversion from 'float' to 'int', possible loss of data
C:\Users\hopli\Documents\GitHub\2Dgameprogramming_final_pirat_battle\pirateship.cpp(124,73): warning C4244: 'argument': conversion from 'float' to 'int', possible loss of data
C:\Users\hopli\Documents\GitHub\2Dgameprogramming_final_pirat_battle\pirateship.cpp(124,57): warning C4244: 'argument': conversion from 'float' to 'int', possible loss of data
C:\Users\hopli\Documents\GitHub\2Dgameprogramming_final_pirat_battle\pirateship.cpp(124,41): warning C4244: 'argument': conversion from 'float' to 'int', possible loss of data
C:\Users\hopli\Documents\GitHub\2Dgameprogramming_final_pirat_battle\pirateship.cpp(124,25): warning C4244: 'argument': conversion from 'float' to 'int', possible loss of data
  ui.cpp
C:\Users\hopli\Documents\GitHub\2Dgameprogramming_final_pirat_battle\ui.cpp(36,42): warning C4244: 'argument': conversion from 'float' to 'int', possible loss of data
C:\Users\hopli\Documents\GitHub\2Dgameprogramming_final_pirat_battle\ui.cpp(36,27): warning C4244: 'argument': conversion from 'float' to 'int', possible loss of data
C:\Users\hopli\Documents\GitHub\2Dgameprogramming_final_pirat_battle\ui.cpp(37,42): warning C4244: 'argument': conversion from 'float' to 'int', possible loss of data
C:\Users\hopli\Documents\GitHub\2Dgameprogramming_final_pirat_battle\ui.cpp(37,27): warning C4244: 'argument': conversion from 'float' to 'int', possible loss of data
C:\Users\hopli\Documents\GitHub\2Dgameprogramming_final_pirat_battle\ui.cpp(66,42): warning C4244: 'argument': conversion from 'float' to 'int', possible loss of data
C:\Users\hopli\Documents\GitHub\2Dgameprogramming_final_pirat_battle\ui.cpp(66,27): warning C4244: 'argument': conversion from 'float' to 'int', possible loss of data
C:\Users\hopli\Documents\GitHub\2Dgameprogramming_final_pirat_battle\ui.cpp(67,42): warning C4244: 'argument': conversion from 'float' to 'int', possible loss of data
C:\Users\hopli\Documents\GitHub\2Dgameprogramming_final_pirat_battle\ui.cpp(67,27): warning C4244: 'argument': conversion from 'float' to 'int', possible loss of data
C:\Users\hopli\Documents\GitHub\2Dgameprogramming_final_pirat_battle\ui.cpp(68,81): warning C4244: 'argument': conversion from 'float' to 'int', possible loss of data
C:\Users\hopli\Documents\GitHub\2Dgameprogramming_final_pirat_battle\ui.cpp(68,40): warning C4244: 'argument': conversion from 'float' to 'int', possible loss of data
C:\Users\hopli\Documents\GitHub\2Dgameprogramming_final_pirat_battle\ui.cpp(79,81): warning C4244: 'argument': conversion from 'float' to 'int', possible loss of data
C:\Users\hopli\Documents\GitHub\2Dgameprogramming_final_pirat_battle\ui.cpp(79,40): warning C4244: 'argument': conversion from 'float' to 'int', possible loss of data
C:\Users\hopli\Documents\GitHub\2Dgameprogramming_final_pirat_battle\ui.cpp(85,55): warning C4244: 'argument': conversion from 'float' to 'int', possible loss of data
C:\Users\hopli\Documents\GitHub\2Dgameprogramming_final_pirat_battle\ui.cpp(85,36): warning C4244: 'argument': conversion from 'float' to 'int', possible loss of data
C:\Users\hopli\Documents\GitHub\2Dgameprogramming_final_pirat_battle\ui.cpp(86,55): warning C4244: 'argument': conversion from 'float' to 'int', possible loss of data
C:\Users\hopli\Documents\GitHub\2Dgameprogramming_final_pirat_battle\ui.cpp(86,36): warning C4244: 'argument': conversion from 'float' to 'int', possible loss of data
C:\Users\hopli\Documents\GitHub\2Dgameprogramming_final_pirat_battle\ui.cpp(87,65): warning C4244: 'argument': conversion from 'float' to 'int', possible loss of data
C:\Users\hopli\Documents\GitHub\2Dgameprogramming_final_pirat_battle\ui.cpp(87,46): warning C4244: 'argument': conversion from 'float' to 'int', possible loss of data
  Generating Code...
  2Dgameprogramming_final_pirat_battle.vcxproj -> C:\Users\hopli\Documents\GitHub\2Dgameprogramming_final_pirat_battle\x64\Debug\2Dgameprogramming_final_pirat_battle.exe
  'pwsh.exe' is not recognized as an internal or external command,
  operable program or batch file.
